[2012-12-07 16:55:34] INFO  WEBrick 1.3.1
[2012-12-07 16:55:34] INFO  ruby 1.9.3 (2012-11-10) [i686-linux]
[2012-12-07 16:55:34] INFO  WEBrick::HTTPServer#start: pid=10503 port=3000
[2012-12-07 16:56:15] WARN  Could not determine content-length of response body. Set content-length of the response or set Response#chunked = true
[2012-12-07 16:56:15] WARN  Could not determine content-length of response body. Set content-length of the response or set Response#chunked = true
[2012-12-07 16:56:15] WARN  Could not determine content-length of response body. Set content-length of the response or set Response#chunked = true
[2012-12-07 16:56:15] WARN  Could not determine content-length of response body. Set content-length of the response or set Response#chunked = true
[2012-12-07 16:56:15] WARN  Could not determine content-length of response body. Set content-length of the response or set Response#chunked = true
[2012-12-07 16:56:15] WARN  Could not determine content-length of response body. Set content-length of the response or set Response#chunked = true
[2012-12-07 16:56:15] WARN  Could not determine content-length of response body. Set content-length of the response or set Response#chunked = true
[2012-12-07 16:56:15] WARN  Could not determine content-length of response body. Set content-length of the response or set Response#chunked = true
[2012-12-07 16:56:15] WARN  Could not determine content-length of response body. Set content-length of the response or set Response#chunked = true
[2012-12-07 16:56:20] WARN  Could not determine content-length of response body. Set content-length of the response or set Response#chunked = true
[2012-12-07 16:56:21] WARN  Could not determine content-length of response body. Set content-length of the response or set Response#chunked = true
[2012-12-07 16:56:21] WARN  Could not determine content-length of response body. Set content-length of the response or set Response#chunked = true
[2012-12-07 16:56:21] WARN  Could not determine content-length of response body. Set content-length of the response or set Response#chunked = true
[2012-12-07 16:56:21] WARN  Could not determine content-length of response body. Set content-length of the response or set Response#chunked = true
[2012-12-07 16:56:21] WARN  Could not determine content-length of response body. Set content-length of the response or set Response#chunked = true
[2012-12-07 16:56:21] WARN  Could not determine content-length of response body. Set content-length of the response or set Response#chunked = true
[2012-12-07 16:56:21] WARN  Could not determine content-length of response body. Set content-length of the response or set Response#chunked = true
[2012-12-07 16:56:21] WARN  Could not determine content-length of response body. Set content-length of the response or set Response#chunked = true
[2012-12-07 16:56:21] WARN  Could not determine content-length of response body. Set content-length of the response or set Response#chunked = true
=> Booting WEBrick
=> Rails 3.2.9 application starting in development on http://0.0.0.0:3000
=> Call with -d to detach
=> Ctrl-C to shutdown server


Started GET "/posts/3" for 127.0.0.1 at 2012-12-07 16:56:13 +0800
Connecting to database specified by database.yml
Processing by PostsController#show as HTML
  Parameters: {"id"=>"3"}
  [1m[36mPost Load (0.2ms)[0m  [1mSELECT "posts".* FROM "posts" WHERE "posts"."id" = ? LIMIT 1[0m  [["id", "3"]]
  Rendered posts/show.html.erb within layouts/application (23.2ms)
Completed 200 OK in 695ms (Views: 565.1ms | ActiveRecord: 22.8ms)


Started GET "/assets/application.css?body=1" for 127.0.0.1 at 2012-12-07 16:56:15 +0800
Served asset /application.css - 304 Not Modified (15ms)


Started GET "/assets/jquery_ujs.js?body=1" for 127.0.0.1 at 2012-12-07 16:56:15 +0800
Served asset /jquery_ujs.js - 304 Not Modified (31ms)


Started GET "/assets/jquery.js?body=1" for 127.0.0.1 at 2012-12-07 16:56:15 +0800
Served asset /jquery.js - 304 Not Modified (3ms)


Started GET "/assets/scaffolds.css?body=1" for 127.0.0.1 at 2012-12-07 16:56:15 +0800
Served asset /scaffolds.css - 304 Not Modified (1ms)


Started GET "/assets/posts.css?body=1" for 127.0.0.1 at 2012-12-07 16:56:15 +0800
Served asset /posts.css - 304 Not Modified (1ms)


Started GET "/assets/home.css?body=1" for 127.0.0.1 at 2012-12-07 16:56:15 +0800
Served asset /home.css - 304 Not Modified (1ms)


Started GET "/assets/home.js?body=1" for 127.0.0.1 at 2012-12-07 16:56:15 +0800
Served asset /home.js - 304 Not Modified (33ms)


Started GET "/assets/posts.js?body=1" for 127.0.0.1 at 2012-12-07 16:56:15 +0800
Served asset /posts.js - 304 Not Modified (1ms)


Started GET "/assets/application.js?body=1" for 127.0.0.1 at 2012-12-07 16:56:15 +0800
Served asset /application.js - 304 Not Modified (7ms)


Started GET "/posts" for 127.0.0.1 at 2012-12-07 16:56:20 +0800
Processing by PostsController#index as HTML
  [1m[35mPost Load (0.5ms)[0m  SELECT "posts".* FROM "posts" 
  Rendered posts/index.html.erb within layouts/application (4.8ms)
Completed 200 OK in 57ms (Views: 55.0ms | ActiveRecord: 0.5ms)


Started GET "/assets/application.css?body=1" for 127.0.0.1 at 2012-12-07 16:56:20 +0800
Served asset /application.css - 304 Not Modified (7ms)


Started GET "/assets/home.css?body=1" for 127.0.0.1 at 2012-12-07 16:56:21 +0800
Served asset /home.css - 304 Not Modified (0ms)


Started GET "/assets/posts.css?body=1" for 127.0.0.1 at 2012-12-07 16:56:21 +0800
Served asset /posts.css - 304 Not Modified (0ms)


Started GET "/assets/posts.js?body=1" for 127.0.0.1 at 2012-12-07 16:56:21 +0800
Served asset /posts.js - 304 Not Modified (6ms)


Started GET "/assets/home.js?body=1" for 127.0.0.1 at 2012-12-07 16:56:21 +0800
Served asset /home.js - 304 Not Modified (0ms)


Started GET "/assets/jquery_ujs.js?body=1" for 127.0.0.1 at 2012-12-07 16:56:21 +0800
Served asset /jquery_ujs.js - 304 Not Modified (0ms)


Started GET "/assets/jquery.js?body=1" for 127.0.0.1 at 2012-12-07 16:56:21 +0800
Served asset /jquery.js - 304 Not Modified (0ms)


Started GET "/assets/scaffolds.css?body=1" for 127.0.0.1 at 2012-12-07 16:56:21 +0800
Served asset /scaffolds.css - 304 Not Modified (0ms)


Started GET "/assets/application.js?body=1" for 127.0.0.1 at 2012-12-07 16:56:21 +0800
Served asset /application.js - 304 Not Modified (1ms)
[2012-12-07 19:01:36] WARN  Could not determine content-length of response body. Set content-length of the response or set Response#chunked = true
[2012-12-07 19:01:36] WARN  Could not determine content-length of response body. Set content-length of the response or set Response#chunked = true
[2012-12-07 19:01:36] WARN  Could not determine content-length of response body. Set content-length of the response or set Response#chunked = true
[2012-12-07 19:01:36] WARN  Could not determine content-length of response body. Set content-length of the response or set Response#chunked = true
[2012-12-07 19:01:36] WARN  Could not determine content-length of response body. Set content-length of the response or set Response#chunked = true
[2012-12-07 19:01:36] WARN  Could not determine content-length of response body. Set content-length of the response or set Response#chunked = true
[2012-12-07 19:01:36] WARN  Could not determine content-length of response body. Set content-length of the response or set Response#chunked = true
[2012-12-07 19:01:36] WARN  Could not determine content-length of response body. Set content-length of the response or set Response#chunked = true
[2012-12-07 19:01:36] WARN  Could not determine content-length of response body. Set content-length of the response or set Response#chunked = true
[2012-12-07 19:01:36] WARN  Could not determine content-length of response body. Set content-length of the response or set Response#chunked = true
[2012-12-07 19:01:36] WARN  Could not determine content-length of response body. Set content-length of the response or set Response#chunked = true
[2012-12-07 19:01:36] WARN  Could not determine content-length of response body. Set content-length of the response or set Response#chunked = true
[2012-12-07 19:01:43] WARN  Could not determine content-length of response body. Set content-length of the response or set Response#chunked = true
[2012-12-07 19:01:43] WARN  Could not determine content-length of response body. Set content-length of the response or set Response#chunked = true
[2012-12-07 19:01:43] WARN  Could not determine content-length of response body. Set content-length of the response or set Response#chunked = true
[2012-12-07 19:01:43] WARN  Could not determine content-length of response body. Set content-length of the response or set Response#chunked = true
[2012-12-07 19:01:43] WARN  Could not determine content-length of response body. Set content-length of the response or set Response#chunked = true
[2012-12-07 19:01:43] WARN  Could not determine content-length of response body. Set content-length of the response or set Response#chunked = true
[2012-12-07 19:01:43] WARN  Could not determine content-length of response body. Set content-length of the response or set Response#chunked = true
[2012-12-07 19:01:43] WARN  Could not determine content-length of response body. Set content-length of the response or set Response#chunked = true
[2012-12-07 19:01:43] WARN  Could not determine content-length of response body. Set content-length of the response or set Response#chunked = true
[2012-12-07 19:01:43] WARN  Could not determine content-length of response body. Set content-length of the response or set Response#chunked = true
[2012-12-07 19:01:43] WARN  Could not determine content-length of response body. Set content-length of the response or set Response#chunked = true
Connecting to database specified by database.yml
Connecting to database specified by database.yml
  [1m[36m (1237.9ms)[0m  [1mSELECT "schema_migrations"."version" FROM "schema_migrations" [0m
Migrating to CreatePosts (20121207073520)
Migrating to CreateComments (20121207094134)
  [1m[35m (0.3ms)[0m  select sqlite_version(*)
  [1m[36m (1.0ms)[0m  [1mbegin transaction[0m
  [1m[35m (168.0ms)[0m  CREATE TABLE "comments" ("id" INTEGER PRIMARY KEY AUTOINCREMENT NOT NULL, "commenter" varchar(255), "body" text, "post_id" integer, "created_at" datetime NOT NULL, "updated_at" datetime NOT NULL) 
  [1m[36m (0.6ms)[0m  [1mCREATE INDEX "index_comments_on_post_id" ON "comments" ("post_id")[0m
  [1m[35m (23.3ms)[0m  INSERT INTO "schema_migrations" ("version") VALUES ('20121207094134')
  [1m[36m (55.5ms)[0m  [1mcommit transaction[0m
  [1m[35m (432.3ms)[0m  SELECT "schema_migrations"."version" FROM "schema_migrations" 


Started GET "/posts" for 127.0.0.1 at 2012-12-07 18:36:15 +0800
Processing by PostsController#index as HTML
  [1m[36mPost Load (0.1ms)[0m  [1mSELECT "posts".* FROM "posts" [0m
  Rendered posts/index.html.erb within layouts/application (3.3ms)
Compiled comments.css  (552ms)  (pid 10503)
Compiled application.css  (696ms)  (pid 10503)
Compiled comments.js  (2578ms)  (pid 10503)
Compiled application.js  (2832ms)  (pid 10503)
Completed 200 OK in 4730ms (Views: 4689.1ms | ActiveRecord: 30.6ms)


Started GET "/assets/application.css?body=1" for 127.0.0.1 at 2012-12-07 18:36:21 +0800
Served asset /application.css - 200 OK (142ms)


Started GET "/assets/comments.css?body=1" for 127.0.0.1 at 2012-12-07 18:36:21 +0800
Served asset /comments.css - 200 OK (1ms)


Started GET "/assets/home.css?body=1" for 127.0.0.1 at 2012-12-07 18:36:21 +0800
Served asset /home.css - 200 OK (0ms)


Started GET "/assets/jquery.js?body=1" for 127.0.0.1 at 2012-12-07 18:36:21 +0800
Served asset /jquery.js - 200 OK (13ms)


Started GET "/assets/scaffolds.css?body=1" for 127.0.0.1 at 2012-12-07 18:36:21 +0800
Served asset /scaffolds.css - 200 OK (0ms)


Started GET "/assets/posts.css?body=1" for 127.0.0.1 at 2012-12-07 18:36:21 +0800
Served asset /posts.css - 200 OK (0ms)


Started GET "/assets/posts.js?body=1" for 127.0.0.1 at 2012-12-07 18:36:21 +0800
Served asset /posts.js - 200 OK (3ms)


Started GET "/assets/comments.js?body=1" for 127.0.0.1 at 2012-12-07 18:36:21 +0800
Served asset /comments.js - 200 OK (8ms)


Started GET "/assets/home.js?body=1" for 127.0.0.1 at 2012-12-07 18:36:21 +0800
Served asset /home.js - 200 OK (0ms)


Started GET "/assets/jquery_ujs.js?body=1" for 127.0.0.1 at 2012-12-07 18:36:21 +0800
Served asset /jquery_ujs.js - 200 OK (49ms)


Started GET "/assets/application.js?body=1" for 127.0.0.1 at 2012-12-07 18:36:21 +0800
Served asset /application.js - 200 OK (28ms)


Started GET "/" for 127.0.0.1 at 2012-12-07 18:36:24 +0800
Processing by HomeController#index as HTML
  Rendered home/index.html.erb within layouts/application (1.2ms)
Completed 200 OK in 50ms (Views: 49.2ms | ActiveRecord: 0.0ms)


Started GET "/posts" for 127.0.0.1 at 2012-12-07 19:01:36 +0800
Processing by PostsController#index as HTML
  [1m[35mPost Load (46.7ms)[0m  SELECT "posts".* FROM "posts" 
  Rendered posts/index.html.erb within layouts/application (3.6ms)
Completed 200 OK in 410ms (Views: 358.0ms | ActiveRecord: 46.7ms)


Started GET "/assets/application.css?body=1" for 127.0.0.1 at 2012-12-07 19:01:36 +0800
Served asset /application.css - 304 Not Modified (22ms)


Started GET "/assets/jquery.js?body=1" for 127.0.0.1 at 2012-12-07 19:01:36 +0800
Served asset /jquery.js - 304 Not Modified (0ms)


Started GET "/assets/scaffolds.css?body=1" for 127.0.0.1 at 2012-12-07 19:01:36 +0800
Served asset /scaffolds.css - 304 Not Modified (0ms)


Started GET "/assets/posts.css?body=1" for 127.0.0.1 at 2012-12-07 19:01:36 +0800
Served asset /posts.css - 304 Not Modified (0ms)


Started GET "/assets/home.css?body=1" for 127.0.0.1 at 2012-12-07 19:01:36 +0800
Served asset /home.css - 304 Not Modified (0ms)


Started GET "/assets/comments.css?body=1" for 127.0.0.1 at 2012-12-07 19:01:36 +0800
Served asset /comments.css - 304 Not Modified (0ms)


Started GET "/assets/jquery_ujs.js?body=1" for 127.0.0.1 at 2012-12-07 19:01:36 +0800
Served asset /jquery_ujs.js - 304 Not Modified (0ms)


Started GET "/assets/application.js?body=1" for 127.0.0.1 at 2012-12-07 19:01:36 +0800
Served asset /application.js - 304 Not Modified (26ms)


Started GET "/assets/home.js?body=1" for 127.0.0.1 at 2012-12-07 19:01:36 +0800
Served asset /home.js - 304 Not Modified (0ms)


Started GET "/assets/posts.js?body=1" for 127.0.0.1 at 2012-12-07 19:01:36 +0800
Served asset /posts.js - 304 Not Modified (0ms)


Started GET "/assets/comments.js?body=1" for 127.0.0.1 at 2012-12-07 19:01:36 +0800
Served asset /comments.js - 304 Not Modified (0ms)


Started GET "/posts/1" for 127.0.0.1 at 2012-12-07 19:01:42 +0800
Processing by PostsController#show as HTML
  Parameters: {"id"=>"1"}
  [1m[36mPost Load (0.8ms)[0m  [1mSELECT "posts".* FROM "posts" WHERE "posts"."id" = ? LIMIT 1[0m  [["id", "1"]]
  [1m[35mComment Load (21.8ms)[0m  SELECT "comments".* FROM "comments" WHERE "comments"."post_id" = 1
  Rendered posts/show.html.erb within layouts/application (506.7ms)
Completed 200 OK in 760ms (Views: 684.1ms | ActiveRecord: 31.3ms)


Started GET "/assets/application.css?body=1" for 127.0.0.1 at 2012-12-07 19:01:43 +0800
Served asset /application.css - 304 Not Modified (14ms)


Started GET "/assets/home.css?body=1" for 127.0.0.1 at 2012-12-07 19:01:43 +0800
Served asset /home.css - 304 Not Modified (3ms)


Started GET "/assets/scaffolds.css?body=1" for 127.0.0.1 at 2012-12-07 19:01:43 +0800
Served asset /scaffolds.css - 304 Not Modified (0ms)


Started GET "/assets/jquery.js?body=1" for 127.0.0.1 at 2012-12-07 19:01:43 +0800
Served asset /jquery.js - 304 Not Modified (0ms)


Started GET "/assets/posts.css?body=1" for 127.0.0.1 at 2012-12-07 19:01:43 +0800
Served asset /posts.css - 304 Not Modified (0ms)


Started GET "/assets/comments.css?body=1" for 127.0.0.1 at 2012-12-07 19:01:43 +0800
Served asset /comments.css - 304 Not Modified (0ms)


Started GET "/assets/jquery_ujs.js?body=1" for 127.0.0.1 at 2012-12-07 19:01:43 +0800
Served asset /jquery_ujs.js - 304 Not Modified (0ms)


Started GET "/assets/home.js?body=1" for 127.0.0.1 at 2012-12-07 19:01:43 +0800
Served asset /home.js - 304 Not Modified (13ms)


Started GET "/assets/posts.js?body=1" for 127.0.0.1 at 2012-12-07 19:01:43 +0800
Served asset /posts.js - 304 Not Modified (0ms)


Started GET "/assets/application.js?body=1" for 127.0.0.1 at 2012-12-07 19:01:43 +0800
Served asset /application.js - 304 Not Modified (1ms)


Started GET "/assets/comments.js?body=1" for 127.0.0.1 at 2012-12-07 19:01:43 +0800
Served asset /comments.js - 304 Not Modified (0ms)


Started POST "/posts/1/comments" for 127.0.0.1 at 2012-12-07 19:02:17 +0800

AbstractController::ActionNotFound (The action 'create' could not be found for CommentsController):
  actionpack (3.2.9) lib/abstract_controller/base.rb:116:in `process'
  actionpack (3.2.9) lib/abstract_controller/rendering.rb:45:in `process'
  actionpack (3.2.9) lib/action_controller/metal.rb:203:in `dispatch'
  actionpack (3.2.9) lib/action_controller/metal/rack_delegation.rb:14:in `dispatch'
  actionpack (3.2.9) lib/action_controller/metal.rb:246:in `block in action'
  actionpack (3.2.9) lib/action_dispatch/routing/route_set.rb:73:in `call'
  actionpack (3.2.9) lib/action_dispatch/routing/route_set.rb:73:in `dispatch'
  actionpack (3.2.9) lib/action_dispatch/routing/route_set.rb:36:in `call'
  journey (1.0.4) lib/journey/router.rb:68:in `block in call'
  journey (1.0.4) lib/journey/router.rb:56:in `each'
  journey (1.0.4) lib/journey/router.rb:56:in `call'
  actionpack (3.2.9) lib/action_dispatch/routing/route_set.rb:601:in `call'
  actionpack (3.2.9) lib/action_dispatch/middleware/best_standards_support.rb:17:in `call'
  rack (1.4.1) lib/rack/etag.rb:23:in `call'
  rack (1.4.1) lib/rack/conditionalget.rb:35:in `call'
  actionpack (3.2.9) lib/action_dispatch/middleware/head.rb:14:in `call'
  actionpack (3.2.9) lib/action_dispatch/middleware/params_parser.rb:21:in `call'
  actionpack (3.2.9) lib/action_dispatch/middleware/flash.rb:242:in `call'
  rack (1.4.1) lib/rack/session/abstract/id.rb:205:in `context'
  rack (1.4.1) lib/rack/session/abstract/id.rb:200:in `call'
  actionpack (3.2.9) lib/action_dispatch/middleware/cookies.rb:341:in `call'
  activerecord (3.2.9) lib/active_record/query_cache.rb:64:in `call'
  activerecord (3.2.9) lib/active_record/connection_adapters/abstract/connection_pool.rb:479:in `call'
  actionpack (3.2.9) lib/action_dispatch/middleware/callbacks.rb:28:in `block in call'
  activesupport (3.2.9) lib/active_support/callbacks.rb:405:in `_run__510896356__call__328793367__callbacks'
  activesupport (3.2.9) lib/active_support/callbacks.rb:405:in `__run_callback'
  activesupport (3.2.9) lib/active_support/callbacks.rb:385:in `_run_call_callbacks'
  activesupport (3.2.9) lib/active_support/callbacks.rb:81:in `run_callbacks'
  actionpack (3.2.9) lib/action_dispatch/middleware/callbacks.rb:27:in `call'
  actionpack (3.2.9) lib/action_dispatch/middleware/reloader.rb:65:in `call'
  actionpack (3.2.9) lib/action_dispatch/middleware/remote_ip.rb:31:in `call'
  actionpack (3.2.9) lib/action_dispatch/middleware/debug_exceptions.rb:16:in `call'
  actionpack (3.2.9) lib/action_dispatch/middleware/show_exceptions.rb:56:in `call'
  railties (3.2.9) lib/rails/rack/logger.rb:32:in `call_app'
  railties (3.2.9) lib/rails/rack/logger.rb:16:in `block in call'
  activesupport (3.2.9) lib/active_support/tagged_logging.rb:22:in `tagged'
  railties (3.2.9) lib/rails/rack/logger.rb:16:in `call'
  actionpack (3.2.9) lib/action_dispatch/middleware/request_id.rb:22:in `call'
  rack (1.4.1) lib/rack/methodoverride.rb:21:in `call'
  rack (1.4.1) lib/rack/runtime.rb:17:in `call'
  activesupport (3.2.9) lib/active_support/cache/strategy/local_cache.rb:72:in `call'
  rack (1.4.1) lib/rack/lock.rb:15:in `call'
  actionpack (3.2.9) lib/action_dispatch/middleware/static.rb:62:in `call'
  railties (3.2.9) lib/rails/engine.rb:479:in `call'
  railties (3.2.9) lib/rails/application.rb:223:in `call'
  rack (1.4.1) lib/rack/content_length.rb:14:in `call'
  railties (3.2.9) lib/rails/rack/log_tailer.rb:17:in `call'
  rack (1.4.1) lib/rack/handler/webrick.rb:59:in `service'
  /home/liuxingqi/.rvm/rubies/ruby-1.9.3-p327/lib/ruby/1.9.1/webrick/httpserver.rb:138:in `service'
  /home/liuxingqi/.rvm/rubies/ruby-1.9.3-p327/lib/ruby/1.9.1/webrick/httpserver.rb:94:in `run'
  /home/liuxingqi/.rvm/rubies/ruby-1.9.3-p327/lib/ruby/1.9.1/webrick/server.rb:191:in `block in start_thread'


  Rendered /home/liuxingqi/.rvm/gems/ruby-1.9.3-p327/gems/actionpack-3.2.9/lib/action_dispatch/middleware/templates/rescues/unknown_action.erb within rescues/layout (0.5ms)
[2012-12-07 19:13:55] ERROR SignalException: SIGTERM
	/home/liuxingqi/.rvm/rubies/ruby-1.9.3-p327/lib/ruby/1.9.1/webrick/server.rb:98:in `select'
